<?xml version="1.0" encoding="UTF-8"?>
<!-- Generated by org.testng.reporters.JUnitReportReporter -->
<testsuite hostname="inlen8520055815" failures="0" tests="25" name="testrunner.Runner" time="349.049" errors="0" timestamp="2022-10-14T17:56:31 IST" skipped="0">
  <testcase classname="testrunner.Runner" name="runScenario" time="7.263"/>
  <system-out/>
  <testcase classname="testrunner.Runner" name="runScenario" time="6.840"/>
  <system-out/>
  <testcase classname="testrunner.Runner" name="runScenario" time="8.427"/>
  <system-out/>
  <testcase classname="testrunner.Runner" name="runScenario" time="13.942"/>
  <system-out/>
  <testcase classname="testrunner.Runner" name="runScenario" time="26.960"/>
  <system-out/>
  <testcase classname="testrunner.Runner" name="runScenario" time="27.568"/>
  <system-out/>
  <testcase classname="testrunner.Runner" name="runScenario" time="16.822"/>
  <system-out/>
  <testcase classname="testrunner.Runner" name="runScenario" time="11.899"/>
  <system-out/>
  <testcase classname="testrunner.Runner" name="runScenario" time="6.355"/>
  <system-out/>
  <testcase classname="testrunner.Runner" name="runScenario" time="7.788"/>
  <system-out/>
  <testcase classname="testrunner.Runner" name="runScenario" time="12.044"/>
  <system-out/>
  <testcase classname="testrunner.Runner" name="runScenario" time="13.054"/>
  <system-out/>
  <testcase classname="testrunner.Runner" name="runScenario" time="6.657"/>
  <system-out/>
  <testcase classname="testrunner.Runner" name="runScenario" time="7.467"/>
  <system-out/>
  <testcase classname="testrunner.Runner" name="runScenario" time="5.975"/>
  <system-out/>
  <testcase classname="testrunner.Runner" name="runScenario" time="7.375"/>
  <system-out/>
  <testcase classname="testrunner.Runner" name="runScenario" time="29.240"/>
  <system-out/>
  <testcase classname="testrunner.Runner" name="runScenario" time="6.883"/>
  <system-out/>
  <testcase classname="testrunner.Runner" name="runScenario" time="11.688"/>
  <system-out/>
  <testcase classname="testrunner.Runner" name="runScenario" time="5.179"/>
  <system-out/>
  <testcase classname="testrunner.Runner" name="runScenario" time="49.239"/>
  <system-out/>
  <testcase classname="testrunner.Runner" name="runScenario" time="7.838"/>
  <system-out/>
  <testcase classname="testrunner.Runner" name="runScenario" time="18.596"/>
  <system-out/>
  <testcase classname="testrunner.Runner" name="runScenario" time="7.408"/>
  <system-out/>
  <testcase classname="testrunner.Runner" name="runScenario" time="26.542"/>
  <system-out/>
</testsuite> <!-- testrunner.Runner -->
